c:\users\theha\desktop\tuto cac cheats\imguimenuex\release\thm_cac_tuto.pch
c:\users\theha\desktop\tuto cac cheats\imguimenuex\release\vc143.pdb
c:\users\theha\desktop\tuto cac cheats\imguimenuex\release\stdafx.obj
c:\users\theha\desktop\tuto cac cheats\imguimenuex\release\imgui_draw.obj
c:\users\theha\desktop\tuto cac cheats\imguimenuex\release\imgui.obj
c:\users\theha\desktop\tuto cac cheats\imguimenuex\release\imgui_impl_win32.obj
c:\users\theha\desktop\tuto cac cheats\imguimenuex\release\imgui_impl_dx9.obj
c:\users\theha\desktop\tuto cac cheats\imguimenuex\release\main.obj
c:\users\theha\desktop\tuto cac cheats\imguimenuex\release\dx9.obj
c:\users\theha\desktop\tuto cac cheats\release\thm_cac_tuto.dll
c:\users\theha\desktop\tuto cac cheats\imguimenuex\release\thm_cac_tuto.ipdb
c:\users\theha\desktop\tuto cac cheats\imguimenuex\release\thm_cac_tuto.iobj
c:\users\theha\desktop\tuto cac cheats\imguimenuex\release\imguimenuex.tlog\cl.command.1.tlog
c:\users\theha\desktop\tuto cac cheats\imguimenuex\release\imguimenuex.tlog\cl.items.tlog
c:\users\theha\desktop\tuto cac cheats\imguimenuex\release\imguimenuex.tlog\cl.read.1.tlog
c:\users\theha\desktop\tuto cac cheats\imguimenuex\release\imguimenuex.tlog\cl.write.1.tlog
c:\users\theha\desktop\tuto cac cheats\imguimenuex\release\imguimenuex.tlog\link.command.1.tlog
c:\users\theha\desktop\tuto cac cheats\imguimenuex\release\imguimenuex.tlog\link.read.1.tlog
c:\users\theha\desktop\tuto cac cheats\imguimenuex\release\imguimenuex.tlog\link.secondary.1.tlog
c:\users\theha\desktop\tuto cac cheats\imguimenuex\release\imguimenuex.tlog\link.write.1.tlog
